<?xml version="1.0" encoding="UTF-8"?>
<!-- Generated by org.testng.reporters.JUnitXMLReporter -->
<testsuite ignored="2" hostname="DESKTOP-B2CL17C" failures="0" tests="0" time="0.008" errors="0" timestamp="2025-01-21T18:30:48 EST">
  <testcase classname="MausumiAcademy.tests.StandAloneTestBackup2" name="OrderHistoryTest" time="0.0">
    <ignored/>
  </testcase> <!-- OrderHistoryTest -->
  <testcase classname="MausumiAcademy.tests.StandAloneTestBackup2" name="SubmitOrder" time="0.0">
    <ignored/>
  </testcase> <!-- SubmitOrder -->
</testsuite>
